[2023-02-16 10:05:32]: JsonWebTokenError: jwt must be provided
    at module.exports [as verify] (/Users/jyh7a/Documents/projects/node/sparta/my-bae-cam-node-js-deepening-week/homework/node_modules/jsonwebtoken/verify.js:60:17)
    at findUserInfo (/Users/jyh7a/Documents/projects/node/sparta/my-bae-cam-node-js-deepening-week/homework/src/controllers/users.controller.js:77:34)
    at Layer.handle [as handle_request] (/Users/jyh7a/Documents/projects/node/sparta/my-bae-cam-node-js-deepening-week/homework/node_modules/express/lib/router/layer.js:95:5)
    at next (/Users/jyh7a/Documents/projects/node/sparta/my-bae-cam-node-js-deepening-week/homework/node_modules/express/lib/router/route.js:144:13)
    at Route.dispatch (/Users/jyh7a/Documents/projects/node/sparta/my-bae-cam-node-js-deepening-week/homework/node_modules/express/lib/router/route.js:114:3)
    at Layer.handle [as handle_request] (/Users/jyh7a/Documents/projects/node/sparta/my-bae-cam-node-js-deepening-week/homework/node_modules/express/lib/router/layer.js:95:5)
    at /Users/jyh7a/Documents/projects/node/sparta/my-bae-cam-node-js-deepening-week/homework/node_modules/express/lib/router/index.js:284:15
    at Function.process_params (/Users/jyh7a/Documents/projects/node/sparta/my-bae-cam-node-js-deepening-week/homework/node_modules/express/lib/router/index.js:346:12)
    at next (/Users/jyh7a/Documents/projects/node/sparta/my-bae-cam-node-js-deepening-week/homework/node_modules/express/lib/router/index.js:280:10)
    at Function.handle (/Users/jyh7a/Documents/projects/node/sparta/my-bae-cam-node-js-deepening-week/homework/node_modules/express/lib/router/index.js:175:3) 
[2023-02-16 10:09:47]: JsonWebTokenError: jwt must be provided
    at module.exports [as verify] (/Users/jyh7a/Documents/projects/node/sparta/my-bae-cam-node-js-deepening-week/homework/node_modules/jsonwebtoken/verify.js:60:17)
    at findUserInfo (/Users/jyh7a/Documents/projects/node/sparta/my-bae-cam-node-js-deepening-week/homework/src/controllers/users.controller.js:77:34)
    at Layer.handle [as handle_request] (/Users/jyh7a/Documents/projects/node/sparta/my-bae-cam-node-js-deepening-week/homework/node_modules/express/lib/router/layer.js:95:5)
    at next (/Users/jyh7a/Documents/projects/node/sparta/my-bae-cam-node-js-deepening-week/homework/node_modules/express/lib/router/route.js:144:13)
    at Route.dispatch (/Users/jyh7a/Documents/projects/node/sparta/my-bae-cam-node-js-deepening-week/homework/node_modules/express/lib/router/route.js:114:3)
    at Layer.handle [as handle_request] (/Users/jyh7a/Documents/projects/node/sparta/my-bae-cam-node-js-deepening-week/homework/node_modules/express/lib/router/layer.js:95:5)
    at /Users/jyh7a/Documents/projects/node/sparta/my-bae-cam-node-js-deepening-week/homework/node_modules/express/lib/router/index.js:284:15
    at Function.process_params (/Users/jyh7a/Documents/projects/node/sparta/my-bae-cam-node-js-deepening-week/homework/node_modules/express/lib/router/index.js:346:12)
    at next (/Users/jyh7a/Documents/projects/node/sparta/my-bae-cam-node-js-deepening-week/homework/node_modules/express/lib/router/index.js:280:10)
    at Function.handle (/Users/jyh7a/Documents/projects/node/sparta/my-bae-cam-node-js-deepening-week/homework/node_modules/express/lib/router/index.js:175:3) 
[2023-02-16 11:27:34]: Error [ERR_HTTP_HEADERS_SENT]: Cannot set headers after they are sent to the client
    at new NodeError (node:internal/errors:393:5)
    at ServerResponse.setHeader (node:_http_outgoing:644:11)
    at ServerResponse.header (/Users/jyh7a/Documents/projects/node/sparta/my-bae-cam-node-js-deepening-week/homework/node_modules/express/lib/response.js:794:10)
    at ServerResponse.send (/Users/jyh7a/Documents/projects/node/sparta/my-bae-cam-node-js-deepening-week/homework/node_modules/express/lib/response.js:174:12)
    at done (/Users/jyh7a/Documents/projects/node/sparta/my-bae-cam-node-js-deepening-week/homework/node_modules/express/lib/response.js:1035:10)
    at tryHandleCache (/Users/jyh7a/Documents/projects/node/sparta/my-bae-cam-node-js-deepening-week/homework/node_modules/ejs/lib/ejs.js:280:5)
    at exports.renderFile [as engine] (/Users/jyh7a/Documents/projects/node/sparta/my-bae-cam-node-js-deepening-week/homework/node_modules/ejs/lib/ejs.js:491:10)
    at View.render (/Users/jyh7a/Documents/projects/node/sparta/my-bae-cam-node-js-deepening-week/homework/node_modules/express/lib/view.js:135:8)
    at tryRender (/Users/jyh7a/Documents/projects/node/sparta/my-bae-cam-node-js-deepening-week/homework/node_modules/express/lib/application.js:657:10)
    at Function.render (/Users/jyh7a/Documents/projects/node/sparta/my-bae-cam-node-js-deepening-week/homework/node_modules/express/lib/application.js:609:3) 
[2023-02-16 11:27:47]: Error [ERR_HTTP_HEADERS_SENT]: Cannot set headers after they are sent to the client
    at new NodeError (node:internal/errors:393:5)
    at ServerResponse.setHeader (node:_http_outgoing:644:11)
    at ServerResponse.header (/Users/jyh7a/Documents/projects/node/sparta/my-bae-cam-node-js-deepening-week/homework/node_modules/express/lib/response.js:794:10)
    at ServerResponse.send (/Users/jyh7a/Documents/projects/node/sparta/my-bae-cam-node-js-deepening-week/homework/node_modules/express/lib/response.js:174:12)
    at done (/Users/jyh7a/Documents/projects/node/sparta/my-bae-cam-node-js-deepening-week/homework/node_modules/express/lib/response.js:1035:10)
    at tryHandleCache (/Users/jyh7a/Documents/projects/node/sparta/my-bae-cam-node-js-deepening-week/homework/node_modules/ejs/lib/ejs.js:280:5)
    at exports.renderFile [as engine] (/Users/jyh7a/Documents/projects/node/sparta/my-bae-cam-node-js-deepening-week/homework/node_modules/ejs/lib/ejs.js:491:10)
    at View.render (/Users/jyh7a/Documents/projects/node/sparta/my-bae-cam-node-js-deepening-week/homework/node_modules/express/lib/view.js:135:8)
    at tryRender (/Users/jyh7a/Documents/projects/node/sparta/my-bae-cam-node-js-deepening-week/homework/node_modules/express/lib/application.js:657:10)
    at Function.render (/Users/jyh7a/Documents/projects/node/sparta/my-bae-cam-node-js-deepening-week/homework/node_modules/express/lib/application.js:609:3) 
[2023-02-16 11:27:54]: Error [ERR_HTTP_HEADERS_SENT]: Cannot set headers after they are sent to the client
    at new NodeError (node:internal/errors:393:5)
    at ServerResponse.setHeader (node:_http_outgoing:644:11)
    at ServerResponse.header (/Users/jyh7a/Documents/projects/node/sparta/my-bae-cam-node-js-deepening-week/homework/node_modules/express/lib/response.js:794:10)
    at ServerResponse.send (/Users/jyh7a/Documents/projects/node/sparta/my-bae-cam-node-js-deepening-week/homework/node_modules/express/lib/response.js:174:12)
    at done (/Users/jyh7a/Documents/projects/node/sparta/my-bae-cam-node-js-deepening-week/homework/node_modules/express/lib/response.js:1035:10)
    at tryHandleCache (/Users/jyh7a/Documents/projects/node/sparta/my-bae-cam-node-js-deepening-week/homework/node_modules/ejs/lib/ejs.js:280:5)
    at exports.renderFile [as engine] (/Users/jyh7a/Documents/projects/node/sparta/my-bae-cam-node-js-deepening-week/homework/node_modules/ejs/lib/ejs.js:491:10)
    at View.render (/Users/jyh7a/Documents/projects/node/sparta/my-bae-cam-node-js-deepening-week/homework/node_modules/express/lib/view.js:135:8)
    at tryRender (/Users/jyh7a/Documents/projects/node/sparta/my-bae-cam-node-js-deepening-week/homework/node_modules/express/lib/application.js:657:10)
    at Function.render (/Users/jyh7a/Documents/projects/node/sparta/my-bae-cam-node-js-deepening-week/homework/node_modules/express/lib/application.js:609:3) 
[2023-02-16 11:30:35]: Error: Failed to lookup view "/services" in views directory "/Users/jyh7a/Documents/projects/node/sparta/my-bae-cam-node-js-deepening-week/homework/src/views"
    at Function.render (/Users/jyh7a/Documents/projects/node/sparta/my-bae-cam-node-js-deepening-week/homework/node_modules/express/lib/application.js:597:17)
    at ServerResponse.render (/Users/jyh7a/Documents/projects/node/sparta/my-bae-cam-node-js-deepening-week/homework/node_modules/express/lib/response.js:1039:7)
    at customer_check_middleware (/Users/jyh7a/Documents/projects/node/sparta/my-bae-cam-node-js-deepening-week/homework/src/middleware/user-role-check.middleware.js:21:30)
    at Layer.handle [as handle_request] (/Users/jyh7a/Documents/projects/node/sparta/my-bae-cam-node-js-deepening-week/homework/node_modules/express/lib/router/layer.js:95:5)
    at next (/Users/jyh7a/Documents/projects/node/sparta/my-bae-cam-node-js-deepening-week/homework/node_modules/express/lib/router/route.js:144:13)
    at auth_middleware (/Users/jyh7a/Documents/projects/node/sparta/my-bae-cam-node-js-deepening-week/homework/src/middleware/auth.middleware.js:23:7)
    at process.processTicksAndRejections (node:internal/process/task_queues:95:5) 
[2023-02-16 11:30:40]: Error: Failed to lookup view "/services" in views directory "/Users/jyh7a/Documents/projects/node/sparta/my-bae-cam-node-js-deepening-week/homework/src/views"
    at Function.render (/Users/jyh7a/Documents/projects/node/sparta/my-bae-cam-node-js-deepening-week/homework/node_modules/express/lib/application.js:597:17)
    at ServerResponse.render (/Users/jyh7a/Documents/projects/node/sparta/my-bae-cam-node-js-deepening-week/homework/node_modules/express/lib/response.js:1039:7)
    at customer_check_middleware (/Users/jyh7a/Documents/projects/node/sparta/my-bae-cam-node-js-deepening-week/homework/src/middleware/user-role-check.middleware.js:21:30)
    at Layer.handle [as handle_request] (/Users/jyh7a/Documents/projects/node/sparta/my-bae-cam-node-js-deepening-week/homework/node_modules/express/lib/router/layer.js:95:5)
    at next (/Users/jyh7a/Documents/projects/node/sparta/my-bae-cam-node-js-deepening-week/homework/node_modules/express/lib/router/route.js:144:13)
    at auth_middleware (/Users/jyh7a/Documents/projects/node/sparta/my-bae-cam-node-js-deepening-week/homework/src/middleware/auth.middleware.js:23:7)
    at process.processTicksAndRejections (node:internal/process/task_queues:95:5) 
[2023-02-16 11:31:03]: Error: Failed to lookup view "services" in views directory "/Users/jyh7a/Documents/projects/node/sparta/my-bae-cam-node-js-deepening-week/homework/src/views"
    at Function.render (/Users/jyh7a/Documents/projects/node/sparta/my-bae-cam-node-js-deepening-week/homework/node_modules/express/lib/application.js:597:17)
    at ServerResponse.render (/Users/jyh7a/Documents/projects/node/sparta/my-bae-cam-node-js-deepening-week/homework/node_modules/express/lib/response.js:1039:7)
    at customer_check_middleware (/Users/jyh7a/Documents/projects/node/sparta/my-bae-cam-node-js-deepening-week/homework/src/middleware/user-role-check.middleware.js:21:30)
    at Layer.handle [as handle_request] (/Users/jyh7a/Documents/projects/node/sparta/my-bae-cam-node-js-deepening-week/homework/node_modules/express/lib/router/layer.js:95:5)
    at next (/Users/jyh7a/Documents/projects/node/sparta/my-bae-cam-node-js-deepening-week/homework/node_modules/express/lib/router/route.js:144:13)
    at auth_middleware (/Users/jyh7a/Documents/projects/node/sparta/my-bae-cam-node-js-deepening-week/homework/src/middleware/auth.middleware.js:23:7)
    at process.processTicksAndRejections (node:internal/process/task_queues:95:5) 
[2023-02-16 11:31:06]: Error: Failed to lookup view "services" in views directory "/Users/jyh7a/Documents/projects/node/sparta/my-bae-cam-node-js-deepening-week/homework/src/views"
    at Function.render (/Users/jyh7a/Documents/projects/node/sparta/my-bae-cam-node-js-deepening-week/homework/node_modules/express/lib/application.js:597:17)
    at ServerResponse.render (/Users/jyh7a/Documents/projects/node/sparta/my-bae-cam-node-js-deepening-week/homework/node_modules/express/lib/response.js:1039:7)
    at customer_check_middleware (/Users/jyh7a/Documents/projects/node/sparta/my-bae-cam-node-js-deepening-week/homework/src/middleware/user-role-check.middleware.js:21:30)
    at Layer.handle [as handle_request] (/Users/jyh7a/Documents/projects/node/sparta/my-bae-cam-node-js-deepening-week/homework/node_modules/express/lib/router/layer.js:95:5)
    at next (/Users/jyh7a/Documents/projects/node/sparta/my-bae-cam-node-js-deepening-week/homework/node_modules/express/lib/router/route.js:144:13)
    at auth_middleware (/Users/jyh7a/Documents/projects/node/sparta/my-bae-cam-node-js-deepening-week/homework/src/middleware/auth.middleware.js:23:7)
    at process.processTicksAndRejections (node:internal/process/task_queues:95:5) 
[2023-02-16 11:31:20]: Error: Failed to lookup view "/src/views/services" in views directory "/Users/jyh7a/Documents/projects/node/sparta/my-bae-cam-node-js-deepening-week/homework/src/views"
    at Function.render (/Users/jyh7a/Documents/projects/node/sparta/my-bae-cam-node-js-deepening-week/homework/node_modules/express/lib/application.js:597:17)
    at ServerResponse.render (/Users/jyh7a/Documents/projects/node/sparta/my-bae-cam-node-js-deepening-week/homework/node_modules/express/lib/response.js:1039:7)
    at customer_check_middleware (/Users/jyh7a/Documents/projects/node/sparta/my-bae-cam-node-js-deepening-week/homework/src/middleware/user-role-check.middleware.js:21:30)
    at Layer.handle [as handle_request] (/Users/jyh7a/Documents/projects/node/sparta/my-bae-cam-node-js-deepening-week/homework/node_modules/express/lib/router/layer.js:95:5)
    at next (/Users/jyh7a/Documents/projects/node/sparta/my-bae-cam-node-js-deepening-week/homework/node_modules/express/lib/router/route.js:144:13)
    at auth_middleware (/Users/jyh7a/Documents/projects/node/sparta/my-bae-cam-node-js-deepening-week/homework/src/middleware/auth.middleware.js:23:7)
    at process.processTicksAndRejections (node:internal/process/task_queues:95:5) 
[2023-02-16 15:37:47]: TypeError: Cannot destructure property 'userId' of 'res.user' as it is undefined.
    at updateServiceStatusToOne (/Users/jyh7a/Documents/projects/node/sparta/my-bae-cam-node-js-deepening-week/homework/src/controllers/bossesServices.controller.js:42:23)
    at Layer.handle [as handle_request] (/Users/jyh7a/Documents/projects/node/sparta/my-bae-cam-node-js-deepening-week/homework/node_modules/express/lib/router/layer.js:95:5)
    at next (/Users/jyh7a/Documents/projects/node/sparta/my-bae-cam-node-js-deepening-week/homework/node_modules/express/lib/router/route.js:144:13)
    at Route.dispatch (/Users/jyh7a/Documents/projects/node/sparta/my-bae-cam-node-js-deepening-week/homework/node_modules/express/lib/router/route.js:114:3)
    at Layer.handle [as handle_request] (/Users/jyh7a/Documents/projects/node/sparta/my-bae-cam-node-js-deepening-week/homework/node_modules/express/lib/router/layer.js:95:5)
    at /Users/jyh7a/Documents/projects/node/sparta/my-bae-cam-node-js-deepening-week/homework/node_modules/express/lib/router/index.js:284:15
    at param (/Users/jyh7a/Documents/projects/node/sparta/my-bae-cam-node-js-deepening-week/homework/node_modules/express/lib/router/index.js:365:14)
    at param (/Users/jyh7a/Documents/projects/node/sparta/my-bae-cam-node-js-deepening-week/homework/node_modules/express/lib/router/index.js:376:14)
    at Function.process_params (/Users/jyh7a/Documents/projects/node/sparta/my-bae-cam-node-js-deepening-week/homework/node_modules/express/lib/router/index.js:421:3)
    at next (/Users/jyh7a/Documents/projects/node/sparta/my-bae-cam-node-js-deepening-week/homework/node_modules/express/lib/router/index.js:280:10) 
[2023-02-16 15:38:16]: Error: Error: WHERE parameter "userId" has invalid "undefined" value
    at ServiceRepository.findService (/Users/jyh7a/Documents/projects/node/sparta/my-bae-cam-node-js-deepening-week/homework/src/repositories/bossesServices.repository.js:34:13)
    at process.processTicksAndRejections (node:internal/process/task_queues:95:5)
    at async serviceService.updateServiceStatusToOne (/Users/jyh7a/Documents/projects/node/sparta/my-bae-cam-node-js-deepening-week/homework/src/services/bossesServices.service.js:70:23)
    at async updateServiceStatusToOne (/Users/jyh7a/Documents/projects/node/sparta/my-bae-cam-node-js-deepening-week/homework/src/controllers/bossesServices.controller.js:44:23) 
[2023-02-16 15:41:22]: Error: Error: WHERE parameter "userId" has invalid "undefined" value
    at ServiceRepository.findService (/Users/jyh7a/Documents/projects/node/sparta/my-bae-cam-node-js-deepening-week/homework/src/repositories/bossesServices.repository.js:34:13)
    at process.processTicksAndRejections (node:internal/process/task_queues:95:5)
    at async serviceService.updateServiceStatusToOne (/Users/jyh7a/Documents/projects/node/sparta/my-bae-cam-node-js-deepening-week/homework/src/services/bossesServices.service.js:70:23)
    at async updateServiceStatusToOne (/Users/jyh7a/Documents/projects/node/sparta/my-bae-cam-node-js-deepening-week/homework/src/controllers/bossesServices.controller.js:44:23) 
[2023-02-16 15:42:13]: Error: Error: WHERE parameter "userId" has invalid "undefined" value
    at ServiceRepository.findService (/Users/jyh7a/Documents/projects/node/sparta/my-bae-cam-node-js-deepening-week/homework/src/repositories/bossesServices.repository.js:34:13)
    at process.processTicksAndRejections (node:internal/process/task_queues:95:5)
    at async serviceService.updateServiceStatusToOne (/Users/jyh7a/Documents/projects/node/sparta/my-bae-cam-node-js-deepening-week/homework/src/services/bossesServices.service.js:70:23)
    at async updateServiceStatusToOne (/Users/jyh7a/Documents/projects/node/sparta/my-bae-cam-node-js-deepening-week/homework/src/controllers/bossesServices.controller.js:44:23) 
[2023-02-16 15:43:02]: Error: Error: WHERE parameter "id" has invalid "undefined" value
    at ServiceRepository.findService (/Users/jyh7a/Documents/projects/node/sparta/my-bae-cam-node-js-deepening-week/homework/src/repositories/bossesServices.repository.js:34:13)
    at process.processTicksAndRejections (node:internal/process/task_queues:95:5)
    at async serviceService.updateServiceStatusToOne (/Users/jyh7a/Documents/projects/node/sparta/my-bae-cam-node-js-deepening-week/homework/src/services/bossesServices.service.js:70:23)
    at async updateServiceStatusToOne (/Users/jyh7a/Documents/projects/node/sparta/my-bae-cam-node-js-deepening-week/homework/src/controllers/bossesServices.controller.js:44:23) 
[2023-02-16 15:43:30]: Error: Error: WHERE parameter "id" has invalid "undefined" value
    at ServiceRepository.findService (/Users/jyh7a/Documents/projects/node/sparta/my-bae-cam-node-js-deepening-week/homework/src/repositories/bossesServices.repository.js:34:13)
    at process.processTicksAndRejections (node:internal/process/task_queues:95:5)
    at async serviceService.updateServiceStatusToOne (/Users/jyh7a/Documents/projects/node/sparta/my-bae-cam-node-js-deepening-week/homework/src/services/bossesServices.service.js:70:23)
    at async updateServiceStatusToOne (/Users/jyh7a/Documents/projects/node/sparta/my-bae-cam-node-js-deepening-week/homework/src/controllers/bossesServices.controller.js:44:23) 
[2023-02-16 15:44:02]: TypeError: Cannot destructure property 'status' of 'service' as it is undefined.
    at serviceService.updateServiceStatusToOne (/Users/jyh7a/Documents/projects/node/sparta/my-bae-cam-node-js-deepening-week/homework/src/services/bossesServices.service.js:77:23)
    at process.processTicksAndRejections (node:internal/process/task_queues:95:5)
    at async updateServiceStatusToOne (/Users/jyh7a/Documents/projects/node/sparta/my-bae-cam-node-js-deepening-week/homework/src/controllers/bossesServices.controller.js:44:23) 
[2023-02-16 15:45:08]: TypeError: Cannot destructure property 'status' of 'service' as it is undefined.
    at serviceService.updateServiceStatusToOne (/Users/jyh7a/Documents/projects/node/sparta/my-bae-cam-node-js-deepening-week/homework/src/services/bossesServices.service.js:77:23)
    at process.processTicksAndRejections (node:internal/process/task_queues:95:5)
    at async updateServiceStatusToOne (/Users/jyh7a/Documents/projects/node/sparta/my-bae-cam-node-js-deepening-week/homework/src/controllers/bossesServices.controller.js:44:23) 
[2023-02-16 15:46:29]: Error: Error: WHERE parameter "bossId" has invalid "undefined" value
    at ServiceRepository.findService (/Users/jyh7a/Documents/projects/node/sparta/my-bae-cam-node-js-deepening-week/homework/src/repositories/bossesServices.repository.js:34:13)
    at process.processTicksAndRejections (node:internal/process/task_queues:95:5)
    at async serviceService.updateServiceStatusToOne (/Users/jyh7a/Documents/projects/node/sparta/my-bae-cam-node-js-deepening-week/homework/src/services/bossesServices.service.js:70:23)
    at async updateServiceStatusToOne (/Users/jyh7a/Documents/projects/node/sparta/my-bae-cam-node-js-deepening-week/homework/src/controllers/bossesServices.controller.js:44:23) 
[2023-02-16 15:46:46]: Error: Error: WHERE parameter "bossId" has invalid "undefined" value
    at ServiceRepository.findService (/Users/jyh7a/Documents/projects/node/sparta/my-bae-cam-node-js-deepening-week/homework/src/repositories/bossesServices.repository.js:34:13)
    at process.processTicksAndRejections (node:internal/process/task_queues:95:5)
    at async serviceService.updateServiceStatusToOne (/Users/jyh7a/Documents/projects/node/sparta/my-bae-cam-node-js-deepening-week/homework/src/services/bossesServices.service.js:70:23)
    at async updateServiceStatusToOne (/Users/jyh7a/Documents/projects/node/sparta/my-bae-cam-node-js-deepening-week/homework/src/controllers/bossesServices.controller.js:44:23) 
[2023-02-16 15:49:42]: Error [ERR_HTTP_HEADERS_SENT]: Cannot set headers after they are sent to the client
    at new NodeError (node:internal/errors:393:5)
    at ServerResponse.setHeader (node:_http_outgoing:644:11)
    at ServerResponse.header (/Users/jyh7a/Documents/projects/node/sparta/my-bae-cam-node-js-deepening-week/homework/node_modules/express/lib/response.js:794:10)
    at ServerResponse.send (/Users/jyh7a/Documents/projects/node/sparta/my-bae-cam-node-js-deepening-week/homework/node_modules/express/lib/response.js:174:12)
    at ServerResponse.json (/Users/jyh7a/Documents/projects/node/sparta/my-bae-cam-node-js-deepening-week/homework/node_modules/express/lib/response.js:278:15)
    at updateServiceStatusToOne (/Users/jyh7a/Documents/projects/node/sparta/my-bae-cam-node-js-deepening-week/homework/src/controllers/bossesServices.controller.js:53:23)
    at process.processTicksAndRejections (node:internal/process/task_queues:95:5) 
[2023-02-16 16:58:06]: Error: TypeError: Cannot read properties of undefined (reading 'or')
    at ServiceRepository.findAllService (/Users/jyh7a/Documents/projects/node/sparta/my-bae-cam-node-js-deepening-week/homework/src/repositories/bossesServices.repository.js:19:13)
    at serviceService.findAllService (/Users/jyh7a/Documents/projects/node/sparta/my-bae-cam-node-js-deepening-week/homework/src/services/bossesServices.service.js:11:55)
    at findAllService (/Users/jyh7a/Documents/projects/node/sparta/my-bae-cam-node-js-deepening-week/homework/src/controllers/bossesServices.controller.js:16:50)
    at Layer.handle [as handle_request] (/Users/jyh7a/Documents/projects/node/sparta/my-bae-cam-node-js-deepening-week/homework/node_modules/express/lib/router/layer.js:95:5)
    at next (/Users/jyh7a/Documents/projects/node/sparta/my-bae-cam-node-js-deepening-week/homework/node_modules/express/lib/router/route.js:144:13)
    at Route.dispatch (/Users/jyh7a/Documents/projects/node/sparta/my-bae-cam-node-js-deepening-week/homework/node_modules/express/lib/router/route.js:114:3)
    at Layer.handle [as handle_request] (/Users/jyh7a/Documents/projects/node/sparta/my-bae-cam-node-js-deepening-week/homework/node_modules/express/lib/router/layer.js:95:5)
    at /Users/jyh7a/Documents/projects/node/sparta/my-bae-cam-node-js-deepening-week/homework/node_modules/express/lib/router/index.js:284:15
    at Function.process_params (/Users/jyh7a/Documents/projects/node/sparta/my-bae-cam-node-js-deepening-week/homework/node_modules/express/lib/router/index.js:346:12)
    at next (/Users/jyh7a/Documents/projects/node/sparta/my-bae-cam-node-js-deepening-week/homework/node_modules/express/lib/router/index.js:280:10) 
[2023-02-16 17:01:06]: Error: TypeError: s.replace is not a function
    at ServiceRepository.findAllService (/Users/jyh7a/Documents/projects/node/sparta/my-bae-cam-node-js-deepening-week/homework/src/repositories/bossesServices.repository.js:20:13)
    at process.processTicksAndRejections (node:internal/process/task_queues:95:5)
    at async serviceService.findAllService (/Users/jyh7a/Documents/projects/node/sparta/my-bae-cam-node-js-deepening-week/homework/src/services/bossesServices.service.js:18:26)
    at async findAllService (/Users/jyh7a/Documents/projects/node/sparta/my-bae-cam-node-js-deepening-week/homework/src/controllers/bossesServices.controller.js:16:24) 
